[2026-07-02T22:41:48.329Z] GET https://sayedomidhabib.github.io/launchpages/?v=2 → 200 (369ms, 6638B)
[2026-07-02T22:41:48.704Z] GET https://fonts.googleapis.com/css2?family=Space+Grotesk:wght@500;600;700&family=Inter:wght@400;500;600&display=swap → pending (?ms, ?B)
[2026-07-02T22:41:49.096Z] GET https://fonts.gstatic.com/s/spacegrotesk/v22/V8mDoQDjQSkFtoMM3T6r8E7mPbF4C_k3HqU.woff2 → 200 (559ms, 22447B)
[2026-07-02T22:41:49.097Z] GET https://fonts.gstatic.com/s/inter/v20/UcC73FwrK3iLTeHuS_nVMrMxCp50SjIa1ZL7W0Q5nw.woff2 → 200 (511ms, -815B)
[2026-07-02T22:41:49.097Z] GET https://sayedomidhabib.github.io/launchpages/templates/nova/ → 200 (200ms, 7597B)
[2026-07-02T22:41:49.097Z] GET https://sayedomidhabib.github.io/launchpages/templates/forge/ → 200 (222ms, 7386B)
[2026-07-02T22:41:49.097Z] GET https://sayedomidhabib.github.io/launchpages/templates/bloom/ → 200 (272ms, 7000B)
[2026-07-02T22:41:49.097Z] GET https://sayedomidhabib.github.io/launchpages/templates/signal/ → 200 (222ms, 6135B)
[2026-07-02T22:41:49.097Z] GET https://sayedomidhabib.github.io/launchpages/templates/atelier/ → 200 (178ms, 5177B)
[2026-07-02T22:41:49.280Z] GET https://fonts.googleapis.com/css2?family=Syne:wght@600;700;800&family=Inter:wght@400;500;600&display=swap → 200 (117ms, 900B)
[2026-07-02T22:41:49.305Z] GET https://fonts.googleapis.com/css2?family=Space+Grotesk:wght@500;600;700&family=Inter:wght@400;500;600&display=swap → 200 (1ms, -743B)
[2026-07-02T22:41:49.322Z] GET https://fonts.googleapis.com/css2?family=Fraunces:opsz,wght@9..144,400;9..144,600;9..144,700&family=Inter:wght@400;500;600&display=swap → 200 (113ms, 941B)
[2026-07-02T22:41:49.330Z] GET https://fonts.googleapis.com/css2?family=JetBrains+Mono:wght@400;500;700&family=Inter:wght@400;500;600;700&display=swap → 200 (128ms, 1060B)
[2026-07-02T22:41:49.371Z] GET https://fonts.googleapis.com/css2?family=Plus+Jakarta+Sans:wght@500;600;700;800&family=Inter:wght@400;500;600&display=swap → 200 (128ms, 971B)
[2026-07-02T22:41:49.404Z] GET https://fonts.gstatic.com/s/syne/v24/8vIH7w4qzmVxm2BL9G78HEY.woff2 → 200 (293ms, 34698B)
[2026-07-02T22:41:49.404Z] GET https://fonts.gstatic.com/s/inter/v20/UcC73FwrK3iLTeHuS_nVMrMxCp50SjIa1ZL7W0Q5nw.woff2 → 200 (204ms, -815B)
[2026-07-02T22:41:49.424Z] GET https://fonts.gstatic.com/s/inter/v20/UcC73FwrK3iLTeHuS_nVMrMxCp50SjIa25L7W0Q5n-wU.woff2 → 200 (352ms, 85435B)
[2026-07-02T22:41:49.436Z] GET https://fonts.gstatic.com/s/inter/v20/UcC73FwrK3iLTeHuS_nVMrMxCp50SjIa1ZL7W0Q5nw.woff2 → 200 (172ms, -815B)
[2026-07-02T22:41:49.436Z] GET https://fonts.gstatic.com/s/fraunces/v38/6NU78FyLNQOQZAnv9bYEvDiIdE9Ea92uemAk_WBq8U_9v0c2Wa0KxC9TeP2Xz5c.woff2 → 200 (365ms, 67541B)
[2026-07-02T22:41:49.458Z] GET https://fonts.gstatic.com/s/inter/v20/UcC73FwrK3iLTeHuS_nVMrMxCp50SjIa0ZL7W0Q5n-wU.woff2 → 200 (350ms, 18871B)
[2026-07-02T22:41:49.460Z] GET https://fonts.gstatic.com/s/jetbrainsmono/v24/tDbv2o-flEEny0FZhsfKu5WU4zr3E_BX0PnT8RD8yKwBNntkaToggR7BYRbKPxDcwgknk-4.woff2 → 200 (360ms, 31467B)
[2026-07-02T22:41:49.460Z] GET https://fonts.gstatic.com/s/inter/v20/UcC73FwrK3iLTeHuS_nVMrMxCp50SjIa1ZL7W0Q5nw.woff2 → 200 (148ms, -815B)
[2026-07-02T22:41:49.501Z] GET https://fonts.gstatic.com/s/plusjakartasans/v12/LDIoaomQNQcsA88c7O9yZ4KMCoOg4Ko20yygg_vb.woff2 → 200 (327ms, 27399B)
[2026-07-02T22:41:49.501Z] GET https://fonts.gstatic.com/s/inter/v20/UcC73FwrK3iLTeHuS_nVMrMxCp50SjIa1ZL7W0Q5nw.woff2 → 200 (106ms, 48983B)
